<?xml version="1.0" encoding="UTF-8"?>
<testsuite name="PokerTest" tests="7" skipped="0" failures="0" errors="0" timestamp="2019-08-18T07:38:47" hostname="USER-20150312HD" time="0.039">
  <properties/>
  <testcase name="should_return_A_draw_when_give_same_high_list" classname="PokerTest" time="0.025"/>
  <testcase name="should_return_player1_win_when_give_a_pair_and_a_high_card" classname="PokerTest" time="0.0"/>
  <testcase name="should_return_player1_win_when_compare_two_pair_with_a_pair" classname="PokerTest" time="0.001"/>
  <testcase name="should_return_player2_win_when_both_have_a_pair_but_p2_pair_max_than_p1" classname="PokerTest" time="0.003"/>
  <testcase name="should_return_palyer2_win_when_give_two_double_tow__pair_list_and_list1_is_high_than_list" classname="PokerTest" time="0.001"/>
  <testcase name="should_return_list1_win_when_give_two_same_double_tow__pair_list_and_list1_simple_card_is_high_than_list" classname="PokerTest" time="0.0"/>
  <testcase name="should_return_player2_win_when_give_two_high_list" classname="PokerTest" time="0.001"/>
  <system-out><![CDATA[]]></system-out>
  <system-err><![CDATA[]]></system-err>
</testsuite>
