<?xml version="1.0" encoding="UTF-8"?>
<testsuite name="PokerTest" tests="23" skipped="0" failures="0" errors="0" timestamp="2019-08-18T12:26:34" hostname="USER-20150312HD" time="0.126">
  <properties/>
  <testcase name="should_return_A_draw_when_give_same_high_list" classname="PokerTest" time="0.035"/>
  <testcase name="should_return_player2_win_when_give_a_same_color_and_a_Straight" classname="PokerTest" time="0.001"/>
  <testcase name="should_return_player1_win_when_give_a_pair_and_a_high_card" classname="PokerTest" time="0.005"/>
  <testcase name="should_return_A_draw_win_when_give_two_same_pair_and_same_single_card" classname="PokerTest" time="0.013"/>
  <testcase name="should_return_player1_win_when_give_two_different_four_pair" classname="PokerTest" time="0.023"/>
  <testcase name="should_return_player1_win_when_give_a_three_same_card_and_two_pair" classname="PokerTest" time="0.001"/>
  <testcase name="should_return_player1_win_when_compare_two_pair_with_a_pair" classname="PokerTest" time="0.001"/>
  <testcase name="should_return_player1_win_when_give_straight_color_and_a_four_pair" classname="PokerTest" time="0.001"/>
  <testcase name="should_return_player1_win_when_give_a_straight_and_three_same_card" classname="PokerTest" time="0.001"/>
  <testcase name="should_return_player2_win_when_both_have_a_pair_but_p2_pair_max_than_p1" classname="PokerTest" time="0.001"/>
  <testcase name="should_return_palyer2_win_when_give_two_double_tow__pair_list_and_list1_is_high_than_list" classname="PokerTest" time="0.001"/>
  <testcase name="should_return_player2_win_when_give_a_four_pair_and_a_three_pair_and_two_pair" classname="PokerTest" time="0.001"/>
  <testcase name="should_return_player1_win_when_give_two_same_three_card" classname="PokerTest" time="0.001"/>
  <testcase name="should_return_player1_win_when_give_two_same_pair_but_p1_single_card_high_than_p2" classname="PokerTest" time="0.001"/>
  <testcase name="should_return_player2_win_when_give_two_high_list" classname="PokerTest" time="0.001"/>
  <testcase name="should_return_player2_win_when_give_two_straight_color_and_same_number" classname="PokerTest" time="0.004"/>
  <testcase name="should_return_player1_win_when_give_two_same_color_but_different_number" classname="PokerTest" time="0.001"/>
  <testcase name="should_return_player2_win_when_give_two_different_straight_" classname="PokerTest" time="0.001"/>
  <testcase name="should_return_A_draw_win_when_give_two_same_straight_color" classname="PokerTest" time="0.0"/>
  <testcase name="should_return_player1_win_when_give_double_three_pair_with_two_pair" classname="PokerTest" time="0.007"/>
  <testcase name="should_return_player2_win_when_give_a_same_color_and_a_three_pair_with_two_pair" classname="PokerTest" time="0.002"/>
  <testcase name="should_return_player2_win_when_give_two_straight_color_and_different_number" classname="PokerTest" time="0.001"/>
  <testcase name="should_return_player1_win_when_give_two_different_color" classname="PokerTest" time="0.001"/>
  <system-out><![CDATA[]]></system-out>
  <system-err><![CDATA[]]></system-err>
</testsuite>
