<?xml version="1.0" encoding="UTF-8"?>
<testsuite name="PokerTest" tests="1" skipped="0" failures="0" errors="0" timestamp="2019-08-18T08:43:11" hostname="USER-20150312HD" time="0.026">
  <properties/>
  <testcase name="should_return_player2_win_when_give_two_different_straight_" classname="PokerTest" time="0.026"/>
  <system-out><![CDATA[]]></system-out>
  <system-err><![CDATA[]]></system-err>
</testsuite>
