<?xml version="1.0" encoding="UTF-8"?>
<testsuite name="PokerTest" tests="11" skipped="0" failures="0" errors="0" timestamp="2019-08-18T08:42:01" hostname="USER-20150312HD" time="0.049">
  <properties/>
  <testcase name="should_return_A_draw_when_give_same_high_list" classname="PokerTest" time="0.024"/>
  <testcase name="should_return_player1_win_when_give_a_pair_and_a_high_card" classname="PokerTest" time="0.001"/>
  <testcase name="should_return_A_draw_win_when_give_two_same_pair_and_same_single_card" classname="PokerTest" time="0.007"/>
  <testcase name="should_return_player1_win_when_give_a_three_same_card_and_two_pair" classname="PokerTest" time="0.001"/>
  <testcase name="should_return_player1_win_when_compare_two_pair_with_a_pair" classname="PokerTest" time="0.0"/>
  <testcase name="should_return_player1_win_when_give_a_straight_and_three_same_card" classname="PokerTest" time="0.001"/>
  <testcase name="should_return_player2_win_when_both_have_a_pair_but_p2_pair_max_than_p1" classname="PokerTest" time="0.001"/>
  <testcase name="should_return_palyer2_win_when_give_two_double_tow__pair_list_and_list1_is_high_than_list" classname="PokerTest" time="0.001"/>
  <testcase name="should_return_player1_win_when_give_two_same_three_card" classname="PokerTest" time="0.001"/>
  <testcase name="should_return_player1_win_when_give_two_same_pair_but_p1_single_card_high_than_p2" classname="PokerTest" time="0.001"/>
  <testcase name="should_return_player2_win_when_give_two_high_list" classname="PokerTest" time="0.003"/>
  <system-out><![CDATA[]]></system-out>
  <system-err><![CDATA[]]></system-err>
</testsuite>
