<?xml version="1.0" encoding="UTF-8"?>
<testsuite name="PokerTest" tests="1" skipped="0" failures="0" errors="0" timestamp="2019-08-18T06:55:37" hostname="USER-20150312HD" time="0.025">
  <properties/>
  <testcase name="should_return_player2_win_when_both_have_a_pair_but_p2_pair_max_than_p1" classname="PokerTest" time="0.025"/>
  <system-out><![CDATA[]]></system-out>
  <system-err><![CDATA[]]></system-err>
</testsuite>
